# JRE version: Java(TM) SE Runtime Environment (8.0_131-b11) (build 1.8.0_131-b11)
# Java VM: Java HotSpot(TM) 64-Bit Server VM (25.131-b11 mixed mode windows-amd64 compressed oops)
Heap:
 PSYoungGen      total 376832K, used 98728K [0x00000000d5f80000, 0x00000000ee600000, 0x0000000100000000)
  eden space 363520K, 23% used [0x00000000d5f80000,0x00000000db2f1378,0x00000000ec280000)
  from space 13312K, 99% used [0x00000000ed900000,0x00000000ee5f8ca8,0x00000000ee600000)
  to   space 17408K, 0% used [0x00000000ec400000,0x00000000ec400000,0x00000000ed500000)
 ParOldGen       total 71168K, used 18616K [0x0000000081e00000, 0x0000000086380000, 0x00000000d5f80000)
  object space 71168K, 26% used [0x0000000081e00000,0x000000008302e230,0x0000000086380000)
 Metaspace       used 54159K, capacity 57488K, committed 57728K, reserved 1099776K
  class space    used 7394K, capacity 7940K, committed 8064K, reserved 1048576K
GC Heap History (10 events):
Event: 27.615 GC heap before
{Heap before GC invocations=6 (full 1):
 PSYoungGen      total 121856K, used 121594K [0x00000000d5f80000, 0x00000000dea80000, 0x0000000100000000)
  eden space 117760K, 100% used [0x00000000d5f80000,0x00000000dd280000,0x00000000dd280000)
  from space 4096K, 93% used [0x00000000de680000,0x00000000dea3e9b8,0x00000000dea80000)
  to   space 5120K, 0% used [0x00000000de080000,0x00000000de080000,0x00000000de580000)
 ParOldGen       total 61952K, used 9973K [0x0000000081e00000, 0x0000000085a80000, 0x00000000d5f80000)
  object space 61952K, 16% used [0x0000000081e00000,0x00000000827bd578,0x0000000085a80000)
 Metaspace       used 23919K, capacity 25466K, committed 25728K, reserved 1071104K
  class space    used 3086K, capacity 3395K, committed 3456K, reserved 1048576K
Event: 27.745 GC heap after
Heap after GC invocations=6 (full 1):
 PSYoungGen      total 137216K, used 4188K [0x00000000d5f80000, 0x00000000e3a00000, 0x0000000100000000)
  eden space 132096K, 0% used [0x00000000d5f80000,0x00000000d5f80000,0x00000000de080000)
  from space 5120K, 81% used [0x00000000de080000,0x00000000de497108,0x00000000de580000)
  to   space 10752K, 0% used [0x00000000e2f80000,0x00000000e2f80000,0x00000000e3a00000)
 ParOldGen       total 61952K, used 9981K [0x0000000081e00000, 0x0000000085a80000, 0x00000000d5f80000)
  object space 61952K, 16% used [0x0000000081e00000,0x00000000827bf578,0x0000000085a80000)
 Metaspace       used 23919K, capacity 25466K, committed 25728K, reserved 1071104K
  class space    used 3086K, capacity 3395K, committed 3456K, reserved 1048576K
}
Event: 40.617 GC heap before
{Heap before GC invocations=7 (full 1):
 PSYoungGen      total 137216K, used 136284K [0x00000000d5f80000, 0x00000000e3a00000, 0x0000000100000000)
  eden space 132096K, 100% used [0x00000000d5f80000,0x00000000de080000,0x00000000de080000)
  from space 5120K, 81% used [0x00000000de080000,0x00000000de497108,0x00000000de580000)
  to   space 10752K, 0% used [0x00000000e2f80000,0x00000000e2f80000,0x00000000e3a00000)
 ParOldGen       total 61952K, used 9981K [0x0000000081e00000, 0x0000000085a80000, 0x00000000d5f80000)
  object space 61952K, 16% used [0x0000000081e00000,0x00000000827bf578,0x0000000085a80000)
 Metaspace       used 30106K, capacity 32072K, committed 32256K, reserved 1077248K
  class space    used 3945K, capacity 4290K, committed 4352K, reserved 1048576K
Event: 40.681 GC heap after
Heap after GC invocations=7 (full 1):
 PSYoungGen      total 210944K, used 10570K [0x00000000d5f80000, 0x00000000e4f00000, 0x0000000100000000)
  eden space 200192K, 0% used [0x00000000d5f80000,0x00000000d5f80000,0x00000000e2300000)
  from space 10752K, 98% used [0x00000000e2f80000,0x00000000e39d2a28,0x00000000e3a00000)
  to   space 12800K, 0% used [0x00000000e2300000,0x00000000e2300000,0x00000000e2f80000)
 ParOldGen       total 61952K, used 9989K [0x0000000081e00000, 0x0000000085a80000, 0x00000000d5f80000)
  object space 61952K, 16% used [0x0000000081e00000,0x00000000827c1578,0x0000000085a80000)
 Metaspace       used 30106K, capacity 32072K, committed 32256K, reserved 1077248K
  class space    used 3945K, capacity 4290K, committed 4352K, reserved 1048576K
}
Event: 42.252 GC heap before
{Heap before GC invocations=8 (full 1):
 PSYoungGen      total 210944K, used 49510K [0x00000000d5f80000, 0x00000000e4f00000, 0x0000000100000000)
  eden space 200192K, 19% used [0x00000000d5f80000,0x00000000d8586e98,0x00000000e2300000)
  from space 10752K, 98% used [0x00000000e2f80000,0x00000000e39d2a28,0x00000000e3a00000)
  to   space 12800K, 0% used [0x00000000e2300000,0x00000000e2300000,0x00000000e2f80000)
 ParOldGen       total 61952K, used 9989K [0x0000000081e00000, 0x0000000085a80000, 0x00000000d5f80000)
  object space 61952K, 16% used [0x0000000081e00000,0x00000000827c1578,0x0000000085a80000)
 Metaspace       used 33219K, capacity 35360K, committed 35416K, reserved 1079296K
  class space    used 4417K, capacity 4808K, committed 4864K, reserved 1048576K
Event: 43.022 GC heap after
Heap after GC invocations=8 (full 1):
 PSYoungGen      total 212992K, used 9349K [0x00000000d5f80000, 0x00000000ee600000, 0x0000000100000000)
  eden space 200192K, 0% used [0x00000000d5f80000,0x00000000d5f80000,0x00000000e2300000)
  from space 12800K, 73% used [0x00000000e2300000,0x00000000e2c214a0,0x00000000e2f80000)
  to   space 13312K, 0% used [0x00000000ed900000,0x00000000ed900000,0x00000000ee600000)
 ParOldGen       total 61952K, used 9997K [0x0000000081e00000, 0x0000000085a80000, 0x00000000d5f80000)
  object space 61952K, 16% used [0x0000000081e00000,0x00000000827c3578,0x0000000085a80000)
 Metaspace       used 33219K, capacity 35360K, committed 35416K, reserved 1079296K
  class space    used 4417K, capacity 4808K, committed 4864K, reserved 1048576K
}
Event: 43.022 GC heap before
{Heap before GC invocations=9 (full 2):
 PSYoungGen      total 212992K, used 9349K [0x00000000d5f80000, 0x00000000ee600000, 0x0000000100000000)
  eden space 200192K, 0% used [0x00000000d5f80000,0x00000000d5f80000,0x00000000e2300000)
  from space 12800K, 73% used [0x00000000e2300000,0x00000000e2c214a0,0x00000000e2f80000)
  to   space 13312K, 0% used [0x00000000ed900000,0x00000000ed900000,0x00000000ee600000)
 ParOldGen       total 61952K, used 9997K [0x0000000081e00000, 0x0000000085a80000, 0x00000000d5f80000)
  object space 61952K, 16% used [0x0000000081e00000,0x00000000827c3578,0x0000000085a80000)
 Metaspace       used 33219K, capacity 35360K, committed 35416K, reserved 1079296K
  class space    used 4417K, capacity 4808K, committed 4864K, reserved 1048576K
Event: 43.736 GC heap after
Heap after GC invocations=9 (full 2):
 PSYoungGen      total 212992K, used 0K [0x00000000d5f80000, 0x00000000ee600000, 0x0000000100000000)
  eden space 200192K, 0% used [0x00000000d5f80000,0x00000000d5f80000,0x00000000e2300000)
  from space 12800K, 0% used [0x00000000e2300000,0x00000000e2300000,0x00000000e2f80000)
  to   space 13312K, 0% used [0x00000000ed900000,0x00000000ed900000,0x00000000ee600000)
 ParOldGen       total 71168K, used 13355K [0x0000000081e00000, 0x0000000086380000, 0x00000000d5f80000)
  object space 71168K, 18% used [0x0000000081e00000,0x0000000082b0ae20,0x0000000086380000)
 Metaspace       used 33219K, capacity 35360K, committed 35416K, reserved 1079296K
  class space    used 4417K, capacity 4808K, committed 4864K, reserved 1048576K
}
Event: 58.113 GC heap before
{Heap before GC invocations=10 (full 2):
 PSYoungGen      total 212992K, used 200192K [0x00000000d5f80000, 0x00000000ee600000, 0x0000000100000000)
  eden space 200192K, 100% used [0x00000000d5f80000,0x00000000e2300000,0x00000000e2300000)
  from space 12800K, 0% used [0x00000000e2300000,0x00000000e2300000,0x00000000e2f80000)
  to   space 13312K, 0% used [0x00000000ed900000,0x00000000ed900000,0x00000000ee600000)
 ParOldGen       total 71168K, used 13355K [0x0000000081e00000, 0x0000000086380000, 0x00000000d5f80000)
  object space 71168K, 18% used [0x0000000081e00000,0x0000000082b0ae20,0x0000000086380000)
 Metaspace       used 45249K, capacity 48084K, committed 48384K, reserved 1091584K
  class space    used 6057K, capacity 6544K, committed 6656K, reserved 1048576K
Event: 58.150 GC heap after
Heap after GC invocations=10 (full 2):
 PSYoungGen      total 376832K, used 13283K [0x00000000d5f80000, 0x00000000ee600000, 0x0000000100000000)
  eden space 363520K, 0% used [0x00000000d5f80000,0x00000000d5f80000,0x00000000ec280000)
  from space 13312K, 99% used [0x00000000ed900000,0x00000000ee5f8ca8,0x00000000ee600000)
  to   space 17408K, 0% used [0x00000000ec400000,0x00000000ec400000,0x00000000ed500000)
 ParOldGen       total 71168K, used 18616K [0x0000000081e00000, 0x0000000086380000, 0x00000000d5f80000)
  object space 71168K, 26% used [0x0000000081e00000,0x000000008302e230,0x0000000086380000)
 Metaspace       used 45249K, capacity 48084K, committed 48384K, reserved 1091584K
  class space    used 6057K, capacity 6544K, committed 6656K, reserved 1048576K
}

